This file contains any messages produced by compilers while
running configure, to aid debugging if configure makes a mistake.

It was created by configure, which was
generated by GNU Autoconf 2.61.  Invocation command line was

  $ ./configure 

## --------- ##
## Platform. ##
## --------- ##

hostname = firebrickdev
uname -m = x86_64
uname -r = 3.5.0-23-generic
uname -s = Linux
uname -v = #35~precise1-Ubuntu SMP Fri Jan 25 17:13:26 UTC 2013

/usr/bin/uname -p = unknown
/bin/uname -X     = unknown

/bin/arch              = unknown
/usr/bin/arch -k       = unknown
/usr/convex/getsysinfo = unknown
/usr/bin/hostinfo      = unknown
/bin/machine           = unknown
/usr/bin/oslevel       = unknown
/bin/universe          = unknown

PATH: /usr/local/sbin
PATH: /usr/local/bin
PATH: /usr/sbin
PATH: /usr/bin
PATH: /sbin
PATH: /bin
PATH: /usr/games


## ----------- ##
## Core tests. ##
## ----------- ##

configure:1760: checking build system type
configure:1778: result: x86_64-unknown-linux-gnu
configure:1800: checking host system type
configure:1815: result: x86_64-unknown-linux-gnu
configure:1875: with_default=X86_64
configure:1877: with_i386=no
configure:1879: with_ia64=no
configure:1931: checking for gcc
configure:1947: found /usr/bin/gcc
configure:1958: result: gcc
configure:2196: checking for C compiler version
configure:2203: gcc --version >&5
gcc (Ubuntu/Linaro 4.6.3-1ubuntu5) 4.6.3
Copyright (C) 2011 Free Software Foundation, Inc.
This is free software; see the source for copying conditions.  There is NO
warranty; not even for MERCHANTABILITY or FITNESS FOR A PARTICULAR PURPOSE.

configure:2206: $? = 0
configure:2213: gcc -v >&5
Using built-in specs.
COLLECT_GCC=gcc
COLLECT_LTO_WRAPPER=/usr/lib/gcc/x86_64-linux-gnu/4.6/lto-wrapper
Target: x86_64-linux-gnu
Configured with: ../src/configure -v --with-pkgversion='Ubuntu/Linaro 4.6.3-1ubuntu5' --with-bugurl=file:///usr/share/doc/gcc-4.6/README.Bugs --enable-languages=c,c++,fortran,objc,obj-c++ --prefix=/usr --program-suffix=-4.6 --enable-shared --enable-linker-build-id --with-system-zlib --libexecdir=/usr/lib --without-included-gettext --enable-threads=posix --with-gxx-include-dir=/usr/include/c++/4.6 --libdir=/usr/lib --enable-nls --with-sysroot=/ --enable-clocale=gnu --enable-libstdcxx-debug --enable-libstdcxx-time=yes --enable-gnu-unique-object --enable-plugin --enable-objc-gc --disable-werror --with-arch-32=i686 --with-tune=generic --enable-checking=release --build=x86_64-linux-gnu --host=x86_64-linux-gnu --target=x86_64-linux-gnu
Thread model: posix
gcc version 4.6.3 (Ubuntu/Linaro 4.6.3-1ubuntu5) 
configure:2216: $? = 0
configure:2223: gcc -V >&5
gcc: error: unrecognized option '-V'
gcc: fatal error: no input files
compilation terminated.
configure:2226: $? = 4
configure:2249: checking for C compiler default output file name
configure:2276: gcc    conftest.c  >&5
configure:2279: $? = 0
configure:2317: result: a.out
configure:2334: checking whether the C compiler works
configure:2344: ./a.out
configure:2347: $? = 0
configure:2364: result: yes
configure:2371: checking whether we are cross compiling
configure:2373: result: no
configure:2376: checking for suffix of executables
configure:2383: gcc -o conftest    conftest.c  >&5
configure:2386: $? = 0
configure:2410: result: 
configure:2416: checking for suffix of object files
configure:2442: gcc -c   conftest.c >&5
configure:2445: $? = 0
configure:2468: result: o
configure:2472: checking whether we are using the GNU C compiler
configure:2501: gcc -c   conftest.c >&5
configure:2507: $? = 0
configure:2524: result: yes
configure:2529: checking whether gcc accepts -g
configure:2559: gcc -c -g  conftest.c >&5
configure:2565: $? = 0
configure:2664: result: yes
configure:2681: checking for gcc option to accept ISO C89
configure:2755: gcc  -c -g -O2  conftest.c >&5
configure:2761: $? = 0
configure:2784: result: none needed
configure:2806: checking for mkdir
configure:2822: found /bin/mkdir
configure:2833: result: mkdir
configure:2843: checking for rm
configure:2859: found /bin/rm
configure:2870: result: rm
configure:2880: checking for cp
configure:2896: found /bin/cp
configure:2907: result: cp
configure:2917: checking for ln
configure:2933: found /bin/ln
configure:2944: result: ln
configure:2954: checking for tar
configure:2970: found /bin/tar
configure:2981: result: tar
configure:2991: checking for rpm
configure:3021: result: no
configure:3028: checking for sed
configure:3044: found /bin/sed
configure:3055: result: sed
configure:3065: checking for find
configure:3081: found /usr/bin/find
configure:3092: result: find
configure:3106: checking how to run the C preprocessor
configure:3146: gcc -E  conftest.c
configure:3152: $? = 0
configure:3183: gcc -E  conftest.c
conftest.c:8:28: fatal error: ac_nonexistent.h: No such file or directory
compilation terminated.
configure:3189: $? = 1
configure: failed program was:
| /* confdefs.h.  */
| #define PACKAGE_NAME ""
| #define PACKAGE_TARNAME ""
| #define PACKAGE_VERSION ""
| #define PACKAGE_STRING ""
| #define PACKAGE_BUGREPORT ""
| /* end confdefs.h.  */
| #include <ac_nonexistent.h>
configure:3222: result: gcc -E
configure:3251: gcc -E  conftest.c
configure:3257: $? = 0
configure:3288: gcc -E  conftest.c
conftest.c:8:28: fatal error: ac_nonexistent.h: No such file or directory
compilation terminated.
configure:3294: $? = 1
configure: failed program was:
| /* confdefs.h.  */
| #define PACKAGE_NAME ""
| #define PACKAGE_TARNAME ""
| #define PACKAGE_VERSION ""
| #define PACKAGE_STRING ""
| #define PACKAGE_BUGREPORT ""
| /* end confdefs.h.  */
| #include <ac_nonexistent.h>
configure:3332: checking for grep that handles long lines and -e
configure:3406: result: /bin/grep
configure:3411: checking for egrep
configure:3489: result: /bin/grep -E
configure:3494: checking for ANSI C header files
configure:3524: gcc -c -g -O2  conftest.c >&5
configure:3530: $? = 0
configure:3629: gcc -o conftest -g -O2   conftest.c  >&5
configure:3632: $? = 0
configure:3638: ./conftest
configure:3641: $? = 0
configure:3658: result: yes
configure:3682: checking for sys/types.h
configure:3703: gcc -c -g -O2  conftest.c >&5
configure:3709: $? = 0
configure:3725: result: yes
configure:3682: checking for sys/stat.h
configure:3703: gcc -c -g -O2  conftest.c >&5
configure:3709: $? = 0
configure:3725: result: yes
configure:3682: checking for stdlib.h
configure:3703: gcc -c -g -O2  conftest.c >&5
configure:3709: $? = 0
configure:3725: result: yes
configure:3682: checking for string.h
configure:3703: gcc -c -g -O2  conftest.c >&5
configure:3709: $? = 0
configure:3725: result: yes
configure:3682: checking for memory.h
configure:3703: gcc -c -g -O2  conftest.c >&5
configure:3709: $? = 0
configure:3725: result: yes
configure:3682: checking for strings.h
configure:3703: gcc -c -g -O2  conftest.c >&5
configure:3709: $? = 0
configure:3725: result: yes
configure:3682: checking for inttypes.h
configure:3703: gcc -c -g -O2  conftest.c >&5
configure:3709: $? = 0
configure:3725: result: yes
configure:3682: checking for stdint.h
configure:3703: gcc -c -g -O2  conftest.c >&5
configure:3709: $? = 0
configure:3725: result: yes
configure:3682: checking for unistd.h
configure:3703: gcc -c -g -O2  conftest.c >&5
configure:3709: $? = 0
configure:3725: result: yes
configure:3747: checking zlib.h usability
configure:3764: gcc -c -g -O2  conftest.c >&5
conftest.c:51:18: fatal error: zlib.h: No such file or directory
compilation terminated.
configure:3770: $? = 1
configure: failed program was:
| /* confdefs.h.  */
| #define PACKAGE_NAME ""
| #define PACKAGE_TARNAME ""
| #define PACKAGE_VERSION ""
| #define PACKAGE_STRING ""
| #define PACKAGE_BUGREPORT ""
| #define STDC_HEADERS 1
| #define HAVE_SYS_TYPES_H 1
| #define HAVE_SYS_STAT_H 1
| #define HAVE_STDLIB_H 1
| #define HAVE_STRING_H 1
| #define HAVE_MEMORY_H 1
| #define HAVE_STRINGS_H 1
| #define HAVE_INTTYPES_H 1
| #define HAVE_STDINT_H 1
| #define HAVE_UNISTD_H 1
| /* end confdefs.h.  */
| #include <stdio.h>
| #ifdef HAVE_SYS_TYPES_H
| # include <sys/types.h>
| #endif
| #ifdef HAVE_SYS_STAT_H
| # include <sys/stat.h>
| #endif
| #ifdef STDC_HEADERS
| # include <stdlib.h>
| # include <stddef.h>
| #else
| # ifdef HAVE_STDLIB_H
| #  include <stdlib.h>
| # endif
| #endif
| #ifdef HAVE_STRING_H
| # if !defined STDC_HEADERS && defined HAVE_MEMORY_H
| #  include <memory.h>
| # endif
| # include <string.h>
| #endif
| #ifdef HAVE_STRINGS_H
| # include <strings.h>
| #endif
| #ifdef HAVE_INTTYPES_H
| # include <inttypes.h>
| #endif
| #ifdef HAVE_STDINT_H
| # include <stdint.h>
| #endif
| #ifdef HAVE_UNISTD_H
| # include <unistd.h>
| #endif
| #include <zlib.h>
configure:3784: result: no
configure:3788: checking zlib.h presence
configure:3803: gcc -E  conftest.c
conftest.c:18:18: fatal error: zlib.h: No such file or directory
compilation terminated.
configure:3809: $? = 1
configure: failed program was:
| /* confdefs.h.  */
| #define PACKAGE_NAME ""
| #define PACKAGE_TARNAME ""
| #define PACKAGE_VERSION ""
| #define PACKAGE_STRING ""
| #define PACKAGE_BUGREPORT ""
| #define STDC_HEADERS 1
| #define HAVE_SYS_TYPES_H 1
| #define HAVE_SYS_STAT_H 1
| #define HAVE_STDLIB_H 1
| #define HAVE_STRING_H 1
| #define HAVE_MEMORY_H 1
| #define HAVE_STRINGS_H 1
| #define HAVE_INTTYPES_H 1
| #define HAVE_STDINT_H 1
| #define HAVE_UNISTD_H 1
| /* end confdefs.h.  */
| #include <zlib.h>
configure:3823: result: no
configure:3851: checking for zlib.h
configure:3858: result: no
configure:3948: checking how to run the C preprocessor
configure:4064: result: gcc -E
configure:4093: gcc -E  conftest.c
configure:4099: $? = 0
configure:4130: gcc -E  conftest.c
conftest.c:18:28: fatal error: ac_nonexistent.h: No such file or directory
compilation terminated.
configure:4136: $? = 1
configure: failed program was:
| /* confdefs.h.  */
| #define PACKAGE_NAME ""
| #define PACKAGE_TARNAME ""
| #define PACKAGE_VERSION ""
| #define PACKAGE_STRING ""
| #define PACKAGE_BUGREPORT ""
| #define STDC_HEADERS 1
| #define HAVE_SYS_TYPES_H 1
| #define HAVE_SYS_STAT_H 1
| #define HAVE_STDLIB_H 1
| #define HAVE_STRING_H 1
| #define HAVE_MEMORY_H 1
| #define HAVE_STRINGS_H 1
| #define HAVE_INTTYPES_H 1
| #define HAVE_STDINT_H 1
| #define HAVE_UNISTD_H 1
| /* end confdefs.h.  */
| #include <ac_nonexistent.h>
configure:4222: checking for ld
configure:4238: found /usr/bin/ld
configure:4249: result: ld
configure:4324: checking for as
configure:4340: found /usr/bin/as
configure:4351: result: as
configure:4426: checking for objcopy
configure:4442: found /usr/bin/objcopy
configure:4453: result: objcopy
configure:4505: checking for gcc
configure:4521: found /usr/bin/gcc
configure:4533: result: gcc -m32
configure:4549: checking for cpp
configure:4565: found /usr/bin/cpp
configure:4577: result: cpp
configure:4592: checking for ld
configure:4608: found /usr/bin/ld
configure:4620: result: ld
configure:4635: checking for as
configure:4651: found /usr/bin/as
configure:4663: result: as -32
configure:4678: checking for objcopy
configure:4694: found /usr/bin/objcopy
configure:4706: result: objcopy
configure:4967: checking for -fno-stack-protector
configure:4979: gcc -m32 -fno-stack-protector
                           -o conftest conftest.c 1>&5
configure:4982: $? = 0
configure:4991: result: yes
configure:5152: creating ./config.status

## ---------------------- ##
## Running config.status. ##
## ---------------------- ##

This file was extended by config.status, which was
generated by GNU Autoconf 2.61.  Invocation command line was

  CONFIG_FILES    = 
  CONFIG_HEADERS  = 
  CONFIG_LINKS    = 
  CONFIG_COMMANDS = 
  $ ./config.status 

on firebrickdev

config.status:612: creating Makefile.conf
config.status:743: WARNING:  Makefile.conf.in seems to ignore the --datarootdir setting

## ---------------- ##
## Cache variables. ##
## ---------------- ##

ac_cv_build=x86_64-unknown-linux-gnu
ac_cv_c_compiler_gnu=yes
ac_cv_env_CC_set=
ac_cv_env_CC_value=
ac_cv_env_CFLAGS_set=
ac_cv_env_CFLAGS_value=
ac_cv_env_CPPFLAGS_set=
ac_cv_env_CPPFLAGS_value=
ac_cv_env_CPP_set=
ac_cv_env_CPP_value=
ac_cv_env_LDFLAGS_set=
ac_cv_env_LDFLAGS_value=
ac_cv_env_LIBS_set=
ac_cv_env_LIBS_value=
ac_cv_env_build_alias_set=
ac_cv_env_build_alias_value=
ac_cv_env_host_alias_set=
ac_cv_env_host_alias_value=
ac_cv_env_target_alias_set=
ac_cv_env_target_alias_value=
ac_cv_header_inttypes_h=yes
ac_cv_header_memory_h=yes
ac_cv_header_stdc=yes
ac_cv_header_stdint_h=yes
ac_cv_header_stdlib_h=yes
ac_cv_header_string_h=yes
ac_cv_header_strings_h=yes
ac_cv_header_sys_stat_h=yes
ac_cv_header_sys_types_h=yes
ac_cv_header_unistd_h=yes
ac_cv_header_zlib_h=no
ac_cv_host=x86_64-unknown-linux-gnu
ac_cv_objext=o
ac_cv_path_EGREP='/bin/grep -E'
ac_cv_path_GREP=/bin/grep
ac_cv_prog_CP=cp
ac_cv_prog_CPP='gcc -E'
ac_cv_prog_FIND=find
ac_cv_prog_I386_AS='as -32'
ac_cv_prog_I386_CC='gcc -m32'
ac_cv_prog_I386_CPP=cpp
ac_cv_prog_I386_LD=ld
ac_cv_prog_I386_OBJCOPY=objcopy
ac_cv_prog_LN=ln
ac_cv_prog_MKDIR=mkdir
ac_cv_prog_RM=rm
ac_cv_prog_SED=sed
ac_cv_prog_TAR=tar
ac_cv_prog_ac_ct_AS=as
ac_cv_prog_ac_ct_CC=gcc
ac_cv_prog_ac_ct_LD=ld
ac_cv_prog_ac_ct_OBJCOPY=objcopy
ac_cv_prog_cc_c89=
ac_cv_prog_cc_g=yes
libc_cv_fno_stack_protector=yes

## ----------------- ##
## Output variables. ##
## ----------------- ##

AS='as'
CC='gcc'
CFLAGS='-g -O2'
CP='cp'
CPP='gcc -E'
CPPFLAGS=''
DEFS='-DPACKAGE_NAME=\"\" -DPACKAGE_TARNAME=\"\" -DPACKAGE_VERSION=\"\" -DPACKAGE_STRING=\"\" -DPACKAGE_BUGREPORT=\"\" -DSTDC_HEADERS=1 -DHAVE_SYS_TYPES_H=1 -DHAVE_SYS_STAT_H=1 -DHAVE_STDLIB_H=1 -DHAVE_STRING_H=1 -DHAVE_MEMORY_H=1 -DHAVE_STRINGS_H=1 -DHAVE_INTTYPES_H=1 -DHAVE_STDINT_H=1 -DHAVE_UNISTD_H=1'
ECHO_C=''
ECHO_N='-n'
ECHO_T=''
EGREP='/bin/grep -E'
EXEEXT=''
FIND='find'
GREP='/bin/grep'
HOST_CC='gcc'
HOST_CFLAGS=' -O2 -Wall $(HOST_CPPFLAGS)'
I386_AS='as -32'
I386_ASFLAGS=''
I386_CC='gcc -m32'
I386_CFLAGS=' -Os -ffreestanding -Wall -W -Wno-format $(I386_CPPFLAGS) -fno-stack-protector'
I386_CPP='cpp'
I386_LD='ld'
I386_LDFLAGS='-static --warn-multiple-gp --warn-common'
I386_OBJCOPY='objcopy'
IA64_AS=''
IA64_ASFLAGS='-mconstant-gp -mauto-pic'
IA64_CC=''
IA64_CFLAGS=' -Os -ffreestanding -Wall -W -Wno-format -fpic -mconstant-gp -mauto-pic -fno-unwind-tables $(IA64_CPPFLAGS) -fno-stack-protector'
IA64_CPP=''
IA64_LD=''
IA64_LDFLAGS='-static --warn-multiple-gp --warn-common'
IA64_OBJCOPY=''
LD='ld'
LDFLAGS=''
LIBOBJS=''
LIBS=''
LN='ln'
LTLIBOBJS=''
MKDIR='mkdir'
OBJCOPY='objcopy'
OBJEXT='o'
PACKAGE_BUGREPORT=''
PACKAGE_NAME=''
PACKAGE_STRING=''
PACKAGE_TARNAME=''
PACKAGE_VERSION=''
PATH_SEPARATOR=':'
RM='rm'
RPM=''
SED='sed'
SHELL='/bin/bash'
TAR='tar'
ac_ct_CC='gcc'
bindir='${exec_prefix}/bin'
build='x86_64-unknown-linux-gnu'
build_alias=''
build_cpu='x86_64'
build_os='linux-gnu'
build_vendor='unknown'
datadir='${datarootdir}'
datarootdir='${prefix}/share'
docdir='${datarootdir}/doc/${PACKAGE}'
dvidir='${docdir}'
exec_prefix='${prefix}'
host='x86_64-unknown-linux-gnu'
host_alias=''
host_cpu='x86_64'
host_os='linux-gnu'
host_vendor='unknown'
htmldir='${docdir}'
includedir='${prefix}/include'
infodir='${datarootdir}/info'
libc_cv_fno_stack_protector='yes'
libdir='${exec_prefix}/lib'
libexecdir='${exec_prefix}/libexec'
localedir='${datarootdir}/locale'
localstatedir='${prefix}/var'
mandir='${datarootdir}/man'
oldincludedir='/usr/include'
pdfdir='${docdir}'
prefix='/usr/local'
program_transform_name='s,x,x,'
psdir='${docdir}'
sbindir='${exec_prefix}/sbin'
sharedstatedir='${prefix}/com'
sysconfdir='${prefix}/etc'
target_alias=''

## ----------- ##
## confdefs.h. ##
## ----------- ##

#define PACKAGE_NAME ""
#define PACKAGE_TARNAME ""
#define PACKAGE_VERSION ""
#define PACKAGE_STRING ""
#define PACKAGE_BUGREPORT ""
#define STDC_HEADERS 1
#define HAVE_SYS_TYPES_H 1
#define HAVE_SYS_STAT_H 1
#define HAVE_STDLIB_H 1
#define HAVE_STRING_H 1
#define HAVE_MEMORY_H 1
#define HAVE_STRINGS_H 1
#define HAVE_INTTYPES_H 1
#define HAVE_STDINT_H 1
#define HAVE_UNISTD_H 1

configure: exit 0
